# JRE version: OpenJDK Runtime Environment Temurin-17.0.7+7 (17.0.7+7) (build 17.0.7+7)
# Java VM: OpenJDK 64-Bit Server VM Temurin-17.0.7+7 (17.0.7+7, mixed mode, tiered, compressed oops, compressed class ptrs, g1 gc, windows-amd64)
GC Precious Log:
 CPUs: 8 total, 8 available
 Memory: 7890M
 Large Page Support: Disabled
 NUMA Support: Disabled
 Compressed Oops: Enabled (32-bit)
 Heap Region Size: 1M
 Heap Min Capacity: 8M
 Heap Initial Capacity: 124M
 Heap Max Capacity: 2G
 Pre-touch: Disabled
 Parallel Workers: 8
 Concurrent Workers: 2
 Concurrent Refinement Workers: 8
 Periodic GC: Disabled
Heap:
 garbage-first heap   total 119808K, used 35539K [0x0000000080000000, 0x0000000100000000)
  region size 1024K, 12 young (12288K), 8 survivors (8192K)
 Metaspace       used 35857K, committed 36352K, reserved 1114112K
  class space    used 3796K, committed 4032K, reserved 1048576K
GC Heap History (18 events):
Event: 0.513 GC heap before
{Heap before GC invocations=0 (full 0):
 garbage-first heap   total 126976K, used 26624K [0x0000000080000000, 0x0000000100000000)
  region size 1024K, 23 young (23552K), 0 survivors (0K)
 Metaspace       used 6786K, committed 6976K, reserved 1114112K
  class space    used 526K, committed 640K, reserved 1048576K
}
Event: 0.519 GC heap after
{Heap after GC invocations=1 (full 0):
 garbage-first heap   total 126976K, used 13948K [0x0000000080000000, 0x0000000100000000)
  region size 1024K, 3 young (3072K), 3 survivors (3072K)
 Metaspace       used 6786K, committed 6976K, reserved 1114112K
  class space    used 526K, committed 640K, reserved 1048576K
}
Event: 0.858 GC heap before
{Heap before GC invocations=1 (full 0):
 garbage-first heap   total 126976K, used 35452K [0x0000000080000000, 0x0000000100000000)
  region size 1024K, 25 young (25600K), 3 survivors (3072K)
 Metaspace       used 11419K, committed 11584K, reserved 1114112K
  class space    used 984K, committed 1024K, reserved 1048576K
}
Event: 0.864 GC heap after
{Heap after GC invocations=2 (full 0):
 garbage-first heap   total 126976K, used 16241K [0x0000000080000000, 0x0000000100000000)
  region size 1024K, 3 young (3072K), 3 survivors (3072K)
 Metaspace       used 11419K, committed 11584K, reserved 1114112K
  class space    used 984K, committed 1024K, reserved 1048576K
}
Event: 1.365 GC heap before
{Heap before GC invocations=2 (full 0):
 garbage-first heap   total 126976K, used 60273K [0x0000000080000000, 0x0000000100000000)
  region size 1024K, 45 young (46080K), 3 survivors (3072K)
 Metaspace       used 17656K, committed 17920K, reserved 1114112K
  class space    used 1663K, committed 1792K, reserved 1048576K
}
Event: 1.372 GC heap after
{Heap after GC invocations=3 (full 0):
 garbage-first heap   total 126976K, used 22020K [0x0000000080000000, 0x0000000100000000)
  region size 1024K, 6 young (6144K), 6 survivors (6144K)
 Metaspace       used 17656K, committed 17920K, reserved 1114112K
  class space    used 1663K, committed 1792K, reserved 1048576K
}
Event: 1.681 GC heap before
{Heap before GC invocations=3 (full 0):
 garbage-first heap   total 126976K, used 47620K [0x0000000080000000, 0x0000000100000000)
  region size 1024K, 32 young (32768K), 6 survivors (6144K)
 Metaspace       used 21372K, committed 21504K, reserved 1114112K
  class space    used 2244K, committed 2304K, reserved 1048576K
}
Event: 1.687 GC heap after
{Heap after GC invocations=4 (full 0):
 garbage-first heap   total 126976K, used 21192K [0x0000000080000000, 0x0000000100000000)
  region size 1024K, 5 young (5120K), 5 survivors (5120K)
 Metaspace       used 21372K, committed 21504K, reserved 1114112K
  class space    used 2244K, committed 2304K, reserved 1048576K
}
Event: 1.877 GC heap before
{Heap before GC invocations=5 (full 0):
 garbage-first heap   total 75776K, used 59080K [0x0000000080000000, 0x0000000100000000)
  region size 1024K, 43 young (44032K), 5 survivors (5120K)
 Metaspace       used 22268K, committed 22464K, reserved 1114112K
  class space    used 2340K, committed 2432K, reserved 1048576K
}
Event: 1.884 GC heap after
{Heap after GC invocations=6 (full 0):
 garbage-first heap   total 91136K, used 22263K [0x0000000080000000, 0x0000000100000000)
  region size 1024K, 3 young (3072K), 3 survivors (3072K)
 Metaspace       used 22268K, committed 22464K, reserved 1114112K
  class space    used 2340K, committed 2432K, reserved 1048576K
}
Event: 1.886 GC heap before
{Heap before GC invocations=6 (full 0):
 garbage-first heap   total 91136K, used 23287K [0x0000000080000000, 0x0000000100000000)
  region size 1024K, 4 young (4096K), 3 survivors (3072K)
 Metaspace       used 22268K, committed 22464K, reserved 1114112K
  class space    used 2340K, committed 2432K, reserved 1048576K
}
Event: 1.890 GC heap after
{Heap after GC invocations=7 (full 0):
 garbage-first heap   total 91136K, used 22929K [0x0000000080000000, 0x0000000100000000)
  region size 1024K, 1 young (1024K), 1 survivors (1024K)
 Metaspace       used 22268K, committed 22464K, reserved 1114112K
  class space    used 2340K, committed 2432K, reserved 1048576K
}
Event: 2.303 GC heap before
{Heap before GC invocations=7 (full 0):
 garbage-first heap   total 91136K, used 65937K [0x0000000080000000, 0x0000000100000000)
  region size 1024K, 43 young (44032K), 1 survivors (1024K)
 Metaspace       used 25612K, committed 25920K, reserved 1114112K
  class space    used 2682K, committed 2816K, reserved 1048576K
}
Event: 2.308 GC heap after
{Heap after GC invocations=8 (full 0):
 garbage-first heap   total 91136K, used 25191K [0x0000000080000000, 0x0000000100000000)
  region size 1024K, 3 young (3072K), 3 survivors (3072K)
 Metaspace       used 25612K, committed 25920K, reserved 1114112K
  class space    used 2682K, committed 2816K, reserved 1048576K
}
Event: 2.793 GC heap before
{Heap before GC invocations=8 (full 0):
 garbage-first heap   total 91136K, used 67175K [0x0000000080000000, 0x0000000100000000)
  region size 1024K, 44 young (45056K), 3 survivors (3072K)
 Metaspace       used 31704K, committed 32064K, reserved 1114112K
  class space    used 3399K, committed 3584K, reserved 1048576K
}
Event: 2.798 GC heap after
{Heap after GC invocations=9 (full 0):
 garbage-first heap   total 91136K, used 27924K [0x0000000080000000, 0x0000000100000000)
  region size 1024K, 6 young (6144K), 6 survivors (6144K)
 Metaspace       used 31704K, committed 32064K, reserved 1114112K
  class space    used 3399K, committed 3584K, reserved 1048576K
}
Event: 2.912 GC heap before
{Heap before GC invocations=9 (full 0):
 garbage-first heap   total 91136K, used 69908K [0x0000000080000000, 0x0000000100000000)
  region size 1024K, 45 young (46080K), 6 survivors (6144K)
 Metaspace       used 32875K, committed 33280K, reserved 1114112K
  class space    used 3479K, committed 3648K, reserved 1048576K
}
Event: 2.919 GC heap after
{Heap after GC invocations=10 (full 0):
 garbage-first heap   total 229376K, used 28390K [0x0000000080000000, 0x0000000100000000)
  region size 1024K, 4 young (4096K), 4 survivors (4096K)
 Metaspace       used 32875K, committed 33280K, reserved 1114112K
  class space    used 3479K, committed 3648K, reserved 1048576K
}

