# JRE version: OpenJDK Runtime Environment Temurin-17.0.7+7 (17.0.7+7) (build 17.0.7+7)
# Java VM: OpenJDK 64-Bit Server VM Temurin-17.0.7+7 (17.0.7+7, mixed mode, tiered, compressed oops, compressed class ptrs, g1 gc, windows-amd64)
GC Precious Log:
 CPUs: 8 total, 8 available
 Memory: 7890M
 Large Page Support: Disabled
 NUMA Support: Disabled
 Compressed Oops: Enabled (32-bit)
 Heap Region Size: 1M
 Heap Min Capacity: 8M
 Heap Initial Capacity: 124M
 Heap Max Capacity: 2G
 Pre-touch: Disabled
 Parallel Workers: 8
 Concurrent Workers: 2
 Concurrent Refinement Workers: 8
 Periodic GC: Disabled
Heap:
 garbage-first heap   total 114688K, used 44590K [0x0000000080000000, 0x0000000100000000)
  region size 1024K, 4 young (4096K), 3 survivors (3072K)
 Metaspace       used 56319K, committed 56960K, reserved 1114112K
  class space    used 6030K, committed 6336K, reserved 1048576K
GC Heap History (20 events):
Event: 17.696 GC heap before
{Heap before GC invocations=13 (full 0):
 garbage-first heap   total 114688K, used 90435K [0x0000000080000000, 0x0000000100000000)
  region size 1024K, 62 young (63488K), 5 survivors (5120K)
 Metaspace       used 43504K, committed 43968K, reserved 1114112K
  class space    used 4841K, committed 5056K, reserved 1048576K
}
Event: 17.703 GC heap after
{Heap after GC invocations=14 (full 0):
 garbage-first heap   total 114688K, used 35769K [0x0000000080000000, 0x0000000100000000)
  region size 1024K, 8 young (8192K), 8 survivors (8192K)
 Metaspace       used 43504K, committed 43968K, reserved 1114112K
  class space    used 4841K, committed 5056K, reserved 1048576K
}
Event: 29.004 GC heap before
{Heap before GC invocations=14 (full 0):
 garbage-first heap   total 114688K, used 90041K [0x0000000080000000, 0x0000000100000000)
  region size 1024K, 61 young (62464K), 8 survivors (8192K)
 Metaspace       used 43806K, committed 44352K, reserved 1114112K
  class space    used 4843K, committed 5120K, reserved 1048576K
}
Event: 29.012 GC heap after
{Heap after GC invocations=15 (full 0):
 garbage-first heap   total 114688K, used 38001K [0x0000000080000000, 0x0000000100000000)
  region size 1024K, 6 young (6144K), 6 survivors (6144K)
 Metaspace       used 43806K, committed 44352K, reserved 1114112K
  class space    used 4843K, committed 5120K, reserved 1048576K
}
Event: 29.621 GC heap before
{Heap before GC invocations=15 (full 0):
 garbage-first heap   total 114688K, used 92273K [0x0000000080000000, 0x0000000100000000)
  region size 1024K, 59 young (60416K), 6 survivors (6144K)
 Metaspace       used 48648K, committed 49152K, reserved 1114112K
  class space    used 5316K, committed 5568K, reserved 1048576K
}
Event: 29.627 GC heap after
{Heap after GC invocations=16 (full 0):
 garbage-first heap   total 114688K, used 39891K [0x0000000080000000, 0x0000000100000000)
  region size 1024K, 5 young (5120K), 5 survivors (5120K)
 Metaspace       used 48648K, committed 49152K, reserved 1114112K
  class space    used 5316K, committed 5568K, reserved 1048576K
}
Event: 30.465 GC heap before
{Heap before GC invocations=16 (full 0):
 garbage-first heap   total 114688K, used 91091K [0x0000000080000000, 0x0000000100000000)
  region size 1024K, 55 young (56320K), 5 survivors (5120K)
 Metaspace       used 54775K, committed 55360K, reserved 1114112K
  class space    used 5991K, committed 6272K, reserved 1048576K
}
Event: 30.471 GC heap after
{Heap after GC invocations=17 (full 0):
 garbage-first heap   total 114688K, used 43063K [0x0000000080000000, 0x0000000100000000)
  region size 1024K, 6 young (6144K), 6 survivors (6144K)
 Metaspace       used 54775K, committed 55360K, reserved 1114112K
  class space    used 5991K, committed 6272K, reserved 1048576K
}
Event: 31.154 GC heap before
{Heap before GC invocations=17 (full 0):
 garbage-first heap   total 114688K, used 91191K [0x0000000080000000, 0x0000000100000000)
  region size 1024K, 53 young (54272K), 6 survivors (6144K)
 Metaspace       used 55194K, committed 55744K, reserved 1114112K
  class space    used 5998K, committed 6272K, reserved 1048576K
}
Event: 31.159 GC heap after
{Heap after GC invocations=18 (full 0):
 garbage-first heap   total 114688K, used 43943K [0x0000000080000000, 0x0000000100000000)
  region size 1024K, 4 young (4096K), 4 survivors (4096K)
 Metaspace       used 55194K, committed 55744K, reserved 1114112K
  class space    used 5998K, committed 6272K, reserved 1048576K
}
Event: 31.778 GC heap before
{Heap before GC invocations=18 (full 0):
 garbage-first heap   total 114688K, used 93095K [0x0000000080000000, 0x0000000100000000)
  region size 1024K, 52 young (53248K), 4 survivors (4096K)
 Metaspace       used 55522K, committed 56064K, reserved 1114112K
  class space    used 6006K, committed 6272K, reserved 1048576K
}
Event: 31.781 GC heap after
{Heap after GC invocations=19 (full 0):
 garbage-first heap   total 114688K, used 43925K [0x0000000080000000, 0x0000000100000000)
  region size 1024K, 4 young (4096K), 4 survivors (4096K)
 Metaspace       used 55522K, committed 56064K, reserved 1114112K
  class space    used 6006K, committed 6272K, reserved 1048576K
}
Event: 32.297 GC heap before
{Heap before GC invocations=19 (full 0):
 garbage-first heap   total 114688K, used 94101K [0x0000000080000000, 0x0000000100000000)
  region size 1024K, 53 young (54272K), 4 survivors (4096K)
 Metaspace       used 55730K, committed 56384K, reserved 1114112K
  class space    used 6020K, committed 6336K, reserved 1048576K
}
Event: 32.301 GC heap after
{Heap after GC invocations=20 (full 0):
 garbage-first heap   total 114688K, used 45407K [0x0000000080000000, 0x0000000100000000)
  region size 1024K, 6 young (6144K), 6 survivors (6144K)
 Metaspace       used 55730K, committed 56384K, reserved 1114112K
  class space    used 6020K, committed 6336K, reserved 1048576K
}
Event: 32.696 GC heap before
{Heap before GC invocations=20 (full 0):
 garbage-first heap   total 114688K, used 93535K [0x0000000080000000, 0x0000000100000000)
  region size 1024K, 53 young (54272K), 6 survivors (6144K)
 Metaspace       used 55928K, committed 56576K, reserved 1114112K
  class space    used 6021K, committed 6336K, reserved 1048576K
}
Event: 32.701 GC heap after
{Heap after GC invocations=21 (full 0):
 garbage-first heap   total 114688K, used 45970K [0x0000000080000000, 0x0000000100000000)
  region size 1024K, 4 young (4096K), 4 survivors (4096K)
 Metaspace       used 55928K, committed 56576K, reserved 1114112K
  class space    used 6021K, committed 6336K, reserved 1048576K
}
Event: 33.107 GC heap before
{Heap before GC invocations=21 (full 0):
 garbage-first heap   total 114688K, used 93074K [0x0000000080000000, 0x0000000100000000)
  region size 1024K, 50 young (51200K), 4 survivors (4096K)
 Metaspace       used 56141K, committed 56768K, reserved 1114112K
  class space    used 6027K, committed 6336K, reserved 1048576K
}
Event: 33.109 GC heap after
{Heap after GC invocations=22 (full 0):
 garbage-first heap   total 114688K, used 44646K [0x0000000080000000, 0x0000000100000000)
  region size 1024K, 3 young (3072K), 3 survivors (3072K)
 Metaspace       used 56141K, committed 56768K, reserved 1114112K
  class space    used 6027K, committed 6336K, reserved 1048576K
}
Event: 33.586 GC heap before
{Heap before GC invocations=22 (full 0):
 garbage-first heap   total 114688K, used 92774K [0x0000000080000000, 0x0000000100000000)
  region size 1024K, 50 young (51200K), 3 survivors (3072K)
 Metaspace       used 56308K, committed 56960K, reserved 1114112K
  class space    used 6030K, committed 6336K, reserved 1048576K
}
Event: 33.588 GC heap after
{Heap after GC invocations=23 (full 0):
 garbage-first heap   total 114688K, used 44590K [0x0000000080000000, 0x0000000100000000)
  region size 1024K, 3 young (3072K), 3 survivors (3072K)
 Metaspace       used 56308K, committed 56960K, reserved 1114112K
  class space    used 6030K, committed 6336K, reserved 1048576K
}

